<?xml version="1.0" encoding="UTF-8"?>
<!-- Generated by org.testng.reporters.JUnitReportReporter -->
<testsuite hostname="DESKTOP-PV8OE5S" failures="0" tests="1" name="Test1" time="0.012" errors="0" timestamp="2022-09-09T00:00:24 IST" skipped="0">
  <testcase classname="Test1" name="sampleTest" time="0.012"/>
  <system-out/>
</testsuite> <!-- Test1 -->
